\BOOKMARK [1][-]{section.1}{Introduction}{}% 1
\BOOKMARK [2][-]{subsection.1.1}{Literature review}{section.1}% 2
\BOOKMARK [2][-]{subsection.1.2}{Interest Rate Stickiness in the U.K.}{section.1}% 3
\BOOKMARK [3][-]{subsubsection.1.2.1}{Econometric Methodology}{subsection.1.2}% 4
\BOOKMARK [1][-]{section.2}{Model Summary}{}% 5
\BOOKMARK [2][-]{subsection.2.1}{Overview of Agents}{section.2}% 6
\BOOKMARK [2][-]{subsection.2.2}{Exogenous Processes}{section.2}% 7
\BOOKMARK [1][-]{section.3}{Estimation}{}% 8
\BOOKMARK [2][-]{subsection.3.1}{Measurement equations}{section.3}% 9
\BOOKMARK [2][-]{subsection.3.2}{Calibrated Parameters and Prior Distributions }{section.3}% 10
\BOOKMARK [2][-]{subsection.3.3}{Posterior Distributions for Estimated Parameters}{section.3}% 11
\BOOKMARK [2][-]{subsection.3.4}{Estimated Shocks}{section.3}% 12
\BOOKMARK [2][-]{subsection.3.5}{Variance Decompositions}{section.3}% 13
\BOOKMARK [1][-]{section.4}{Macroprudential Policy \046 Welfare Analysis}{}% 14
\BOOKMARK [2][-]{subsection.4.1}{Optimal Policy at the Steady State }{section.4}% 15
\BOOKMARK [2][-]{subsection.4.2}{Counterfactual Simulations}{section.4}% 16
\BOOKMARK [1][-]{section.5}{Impulse Response Analysis}{}% 17
\BOOKMARK [2][-]{subsection.5.1}{Interest Rate Stickiness and Shock Propagation}{section.5}% 18
\BOOKMARK [2][-]{subsection.5.2}{Interest Rate Stickiness and Sectoral Capital Requirements}{section.5}% 19
\BOOKMARK [1][-]{section.6}{Conclusion}{}% 20
\BOOKMARK [1][-]{section.7}{References}{}% 21
\BOOKMARK [1][-]{appendix.A}{Historical Series and the Estimated Shocks}{}% 22
\BOOKMARK [1][-]{appendix.B}{Cross country evidence on interest rate stickiness}{}% 23
\BOOKMARK [1][-]{appendix.C}{Posterior distributions of all estimated parameters}{}% 24
\BOOKMARK [1][-]{appendix.D}{Model Overview and FOCs}{}% 25
