Starting Dynare (version 4.5.7).
Starting preprocessing of the model file ...
Substitution of endo leads >= 2: added 2 auxiliary variables and equations.
Found 193 equation(s).
Evaluating expressions...done
Computing static model derivatives:
 - order 1
Computing dynamic model derivatives:
 - order 1
Processing outputs ...
done
Preprocessing completed.
C" -a 3 -low  matlab -nosplash -nodesktop -minimize  -r "addpath('C:\dynare\4.5.7\matlab\'), dynareroot = dynare_config(); fParallel(4,4,4,1,'posterior_sampler_core')"  
 
PsExec v2.2 - Execute processes remotely 
Copyright (C) 2001-2016 Mark Russinovich 
Sysinternals - www.sysinternals.com 
 
matlab started with process ID 15980. 
{Operation terminated by user during <a href="matlab:matlab.internal.language.introspective.errorDocCallback('masterParallel', 'C:\dynare\4.5.7\matlab\parallel\masterParallel.m', 661)" style="font-weight:bold">masterParallel</a> (<a href="matlab: opentoline('C:\dynare\4.5.7\matlab\parallel\masterParallel.m',661,0)">line 661</a>)


In <a href="matlab:matlab.internal.language.introspective.errorDocCallback('posterior_sampler', 'C:\dynare\4.5.7\matlab\posterior_sampler.m', 145)" style="font-weight:bold">posterior_sampler</a> (<a href="matlab: opentoline('C:\dynare\4.5.7\matlab\posterior_sampler.m',145,0)">line 145</a>)
    [fout, nBlockPerCPU, totCPU] = masterParallel(options_.parallel, fblck, nblck,NamFileInput,'posterior_sampler_core', localVars, globalVars,
    options_.parallel_info);

In <a href="matlab:matlab.internal.language.introspective.errorDocCallback('dynare_estimation_1', 'C:\dynare\4.5.7\matlab\dynare_estimation_1.m', 448)" style="font-weight:bold">dynare_estimation_1</a> (<a href="matlab: opentoline('C:\dynare\4.5.7\matlab\dynare_estimation_1.m',448,0)">line 448</a>)
            posterior_sampler(objective_function,posterior_sampler_options.proposal_distribution,xparam1,posterior_sampler_options,bounds,dataset_,dataset_info,options_,M_,estim_params_,bayestopt_,oo_);
            
In <a href="matlab:matlab.internal.language.introspective.errorDocCallback('dynare_estimation', 'C:\dynare\4.5.7\matlab\dynare_estimation.m', 105)" style="font-weight:bold">dynare_estimation</a> (<a href="matlab: opentoline('C:\dynare\4.5.7\matlab\dynare_estimation.m',105,0)">line 105</a>)
    dynare_estimation_1(var_list,dname);

In <a href="matlab:matlab.internal.language.introspective.errorDocCallback('LTV1', 'C:\Users\tolga\OneDrive\Desktop\3d_model_update_feb8_2020\update_without_pbratio_MCMC\LTV1.m', 1469)" style="font-weight:bold">LTV1</a> (<a href="matlab: opentoline('C:\Users\tolga\OneDrive\Desktop\3d_model_update_feb8_2020\update_without_pbratio_MCMC\LTV1.m',1469,0)">line 1469</a>)
oo_recursive_=dynare_estimation(var_list_);

In <a href="matlab:matlab.internal.language.introspective.errorDocCallback('dynare', 'C:\dynare\4.5.7\matlab\dynare.m', 235)" style="font-weight:bold">dynare</a> (<a href="matlab: opentoline('C:\dynare\4.5.7\matlab\dynare.m',235,0)">line 235</a>)
evalin('base',fname) ;

In <a href="matlab:matlab.internal.language.introspective.errorDocCallback('run_parallel_mcmc', 'C:\Users\tolga\OneDrive\Desktop\3d_model_update_feb8_2020\update_without_pbratio_MCMC\run_parallel_mcmc.m', 3)" style="font-weight:bold">run_parallel_mcmc</a> (<a href="matlab: opentoline('C:\Users\tolga\OneDrive\Desktop\3d_model_update_feb8_2020\update_without_pbratio_MCMC\run_parallel_mcmc.m',3,0)">line 3</a>)
dynare LTV1 parallel conffile='C:\Users\tolga\OneDrive\Desktop\3d_model_update_feb8_2020\update_without_pbratio_MCMC\MCMC_config.txt';
} 
close all
clear
clc
main

Configuring Dynare ...
[mex] Generalized QZ.
[mex] Sylvester equation solution.
[mex] Kronecker products.
[mex] Sparse kronecker products.
[mex] Local state space iteration (second order).
[mex] Bytecode evaluation.
[mex] k-order perturbation solver.
[mex] k-order solution simulation.
[mex] Quasi Monte-Carlo sequence (Sobol).
[mex] Markov Switching SBVAR.

Using 64-bit preprocessor
Starting Dynare (version 4.5.7).
Starting preprocessing of the model file ...
Substitution of endo leads >= 2: added 2 auxiliary variables and equations.
Found 193 equation(s).
Evaluating expressions...done
Computing static model derivatives:
 - order 1
Computing dynamic model derivatives:
 - order 1
Processing outputs ...
done
Preprocessing completed.


You did not declare endogenous variables after the estimation/calib_smoother command.

Initial value of the log posterior (or likelihood): -760.8257

RESULTS FROM POSTERIOR ESTIMATION
parameters
           prior mean     mode    s.d. prior pstdev

psi_i          5.000   7.9159  1.5160 norm  2.0000 
psi_h          5.000   4.8532  1.4855 norm  2.0000 
zeta_m         0.500   0.7179  0.0287 beta  0.2000 
zeta_F         0.500   0.4967  0.0354 beta  0.2000 
rhoA           0.500   0.9956  0.0029 beta  0.2000 
rhoJ           0.500   0.9849  0.0058 beta  0.2000 
rhoH           0.500   0.9572  0.0178 beta  0.2000 
rhoSe          0.500   0.4990  0.2774 beta  0.2000 
rhoSB          0.500   0.0328  0.0261 beta  0.2000 
rhoWe          0.500   0.8434  0.0367 beta  0.2000 
rho_markup_m   0.500   0.8717  0.0518 beta  0.2000 
rho_markup_F   0.500   0.9347  0.0249 beta  0.2000 
rhoEC          0.500   0.8424  0.0226 beta  0.2000 
rhoECAB        0.500   0.5007  0.2773 beta  0.2000 
rhoEbF         0.500   0.9268  0.0300 beta  0.2000 
rhoLTVH        0.500   0.9292  0.0408 beta  0.2000 

standard deviation of shocks
           prior mean     mode    s.d. prior pstdev

epsiA         10.000   0.0078  0.0007 unif  5.7735 
epsiJ         10.000   0.0971  0.0115 unif  5.7735 
epsiH         10.000   0.0396  0.0098 unif  5.7735 
epsiSe         0.100   0.0462  0.0189 invg  2.0000 
epsiSB         0.100   0.0308  0.0043 invg  2.0000 
epsiWe        10.000   0.0053  0.0005 unif  5.7735 
epsimarkup_m  10.000   0.0005  0.0000 unif  5.7735 
epsimarkup_F  10.000   0.0004  0.0000 unif  5.7735 
epsiEC        10.000   0.0288  0.0026 unif  5.7735 
epsiECAB      10.000   0.0379  0.0059 unif  5.7735 
epsiLTVH      10.000   0.1353  0.0271 unif  5.7735 
epsiEbF       10.000   0.0423  0.0041 unif  5.7735 


Log data density [Laplace approximation] is -861.628877.

Estimation::mcmc: Multiple chains mode.
Estimation::mcmc: Old metropolis.log file successfully erased!
Estimation::mcmc: Creation of a new metropolis.log file.
Estimation::mcmc: Searching for initial values...
Estimation::mcmc: Initial values found!

Estimation::mcmc: Write details about the MCMC... Ok!
Estimation::mcmc: Details about the MCMC are available in LTV1/metropolis\LTV1_mh_history_0.mat

{Operation terminated by user during <a href="matlab:matlab.internal.language.introspective.errorDocCallback('dyn_first_order_solver', 'C:\dynare\4.5.7\matlab\dyn_first_order_solver.m', 297)" style="font-weight:bold">dyn_first_order_solver</a> (<a href="matlab: opentoline('C:\dynare\4.5.7\matlab\dyn_first_order_solver.m',297,0)">line 297</a>)


In <a href="matlab:matlab.internal.language.introspective.errorDocCallback('stochastic_solvers', 'C:\dynare\4.5.7\matlab\stochastic_solvers.m', 267)" style="font-weight:bold">stochastic_solvers</a> (<a href="matlab: opentoline('C:\dynare\4.5.7\matlab\stochastic_solvers.m',267,0)">line 267</a>)
        [dr,info] = dyn_first_order_solver(jacobia_,M_,dr,options_,task);

In <a href="matlab:matlab.internal.language.introspective.errorDocCallback('resol', 'C:\dynare\4.5.7\matlab\resol.m', 144)" style="font-weight:bold">resol</a> (<a href="matlab: opentoline('C:\dynare\4.5.7\matlab\resol.m',144,0)">line 144</a>)
    [dr,info] = stochastic_solvers(dr,check_flag,M,options,oo);

In <a href="matlab:matlab.internal.language.introspective.errorDocCallback('dynare_resolve', 'C:\dynare\4.5.7\matlab\dynare_resolve.m', 69)" style="font-weight:bold">dynare_resolve</a> (<a href="matlab: opentoline('C:\dynare\4.5.7\matlab\dynare_resolve.m',69,0)">line 69</a>)
[dr,info,Model,DynareOptions,DynareResults] = resol(0,Model,DynareOptions,DynareResults);

In <a href="matlab:matlab.internal.language.introspective.errorDocCallback('dsge_likelihood', 'C:\dynare\4.5.7\matlab\dsge_likelihood.m', 252)" style="font-weight:bold">dsge_likelihood</a> (<a href="matlab: opentoline('C:\dynare\4.5.7\matlab\dsge_likelihood.m',252,0)">line 252</a>)
[T,R,SteadyState,info,Model,DynareOptions,DynareResults] = dynare_resolve(Model,DynareOptions,DynareResults,'restrict');

In <a href="matlab:matlab.internal.language.intr